<?xml version="1.0" encoding="UTF-8"?>
<!-- Generated by org.testng.reporters.JUnitXMLReporter -->
<testsuite hostname="Lena" tests="3" failures="2" timestamp="15 Oct 2015 12:48:02 GMT" time="238.932" errors="0">
  <testcase name="accreditationTest" time="60.809" classname="AccreditationTest">
    <failure type="java.lang.AssertionError" message="Applicant passport issued by value doesn&amp;apos;t match to application one expected [true] but found [false]">
      <![CDATA[java.lang.AssertionError: Applicant passport issued by value doesn't match to application one expected [true] but found [false]
	at pageobjects.AccreditationAcceptPage.checkApplicantPassportIssuedByValue(AccreditationAcceptPage.java:216)
	at commonactions.AccreditationAcceptCommonActions.checkApplicantInfoTabInfo(AccreditationAcceptCommonActions.java:53)
	at AccreditationTest.accreditationTest(AccreditationTest.java:63)
... Removed 30 stack frames]]>
    </failure>
  </testcase> <!-- accreditationTest -->
  <testcase name="accreditationTest" time="60.516" classname="AccreditationTest">
    <failure type="java.lang.AssertionError" message="Applicant passport issued by value doesn&amp;apos;t match to application one expected [true] but found [false]">
      <![CDATA[java.lang.AssertionError: Applicant passport issued by value doesn't match to application one expected [true] but found [false]
	at pageobjects.AccreditationAcceptPage.checkApplicantPassportIssuedByValue(AccreditationAcceptPage.java:216)
	at commonactions.AccreditationAcceptCommonActions.checkApplicantInfoTabInfo(AccreditationAcceptCommonActions.java:53)
	at AccreditationTest.accreditationTest(AccreditationTest.java:63)
... Removed 30 stack frames]]>
    </failure>
  </testcase> <!-- accreditationTest -->
  <testcase name="accreditationTest" time="70.245" classname="AccreditationTest"/>
</testsuite>
