<?xml version="1.0" encoding="UTF-8"?>
<testsuite name="TestSuite" time="191.564" tests="3" errors="0" skipped="0" failures="2">
  <properties>
[...]
</properties>
  <testcase name="accreditationTest" classname="AccreditationTest" time="60.804">
    <failure message="Applicant passport issued by value doesn&apos;t match to application one expected [true] but found [false]" type="java.lang.AssertionError">java.lang.AssertionError: Applicant passport issued by value doesn't match to application one expected [true] but found [false]
	at org.testng.Assert.fail(Assert.java:94)
	at org.testng.Assert.failNotEquals(Assert.java:494)
	at org.testng.Assert.assertTrue(Assert.java:42)
	at pageobjects.AccreditationAcceptPage.checkApplicantPassportIssuedByValue(AccreditationAcceptPage.java:216)
	at commonactions.AccreditationAcceptCommonActions.checkApplicantInfoTabInfo(AccreditationAcceptCommonActions.java:53)
	at AccreditationTest.accreditationTest(AccreditationTest.java:63)
</failure>
    <system-err><![CDATA[SLF4J: Failed to load class "org.slf4j.impl.StaticLoggerBinder".
SLF4J: Defaulting to no-operation (NOP) logger implementation
SLF4J: See http://www.slf4j.org/codes.html#StaticLoggerBinder for further details.
log4j:ERROR Could not read configuration file [test-config/log4j.properties].
java.io.FileNotFoundException: test-config\log4j.properties (Системе не удается найти указанный путь)
	at java.io.FileInputStream.open(Native Method)
	at java.io.FileInputStream.<init>(FileInputStream.java:146)
	at java.io.FileInputStream.<init>(FileInputStream.java:101)
	at org.apache.log4j.PropertyConfigurator.doConfigure(PropertyConfigurator.java:372)
	at org.apache.log4j.PropertyConfigurator.configure(PropertyConfigurator.java:403)
	at framework.RetryAnalyzer.<clinit>(RetryAnalyzer.java:18)
	at sun.reflect.NativeConstructorAccessorImpl.newInstance0(Native Method)
	at sun.reflect.NativeConstructorAccessorImpl.newInstance(NativeConstructorAccessorImpl.java:57)
	at sun.reflect.DelegatingConstructorAccessorImpl.newInstance(DelegatingConstructorAccessorImpl.java:45)
	at java.lang.reflect.Constructor.newInstance(Constructor.java:526)
	at java.lang.Class.newInstance(Class.java:374)
	at org.testng.internal.annotations.TestAnnotation.setRetryAnalyzer(TestAnnotation.java:180)
	at org.testng.internal.annotations.JDK15TagFactory.createTestTag(JDK15TagFactory.java:411)
	at org.testng.internal.annotations.JDK15TagFactory.createTag(JDK15TagFactory.java:70)
	at org.testng.internal.annotations.JDK15AnnotationFinder.findAnnotation(JDK15AnnotationFinder.java:176)
	at org.testng.internal.annotations.JDK15AnnotationFinder.findAnnotation(JDK15AnnotationFinder.java:102)
	at org.testng.internal.annotations.AnnotationHelper.isAnnotationPresent(AnnotationHelper.java:293)
	at org.testng.internal.annotations.AnnotationHelper.findMethodsWithAnnotation(AnnotationHelper.java:216)
	at org.testng.internal.TestNGMethodFinder.getTestMethods(TestNGMethodFinder.java:48)
	at org.testng.TestClass.initMethods(TestClass.java:123)
	at org.testng.TestClass.init(TestClass.java:86)
	at org.testng.TestClass.<init>(TestClass.java:45)
	at org.testng.TestRunner.initMethods(TestRunner.java:427)
	at org.testng.TestRunner.init(TestRunner.java:235)
	at org.testng.TestRunner.init(TestRunner.java:205)
	at org.testng.TestRunner.<init>(TestRunner.java:153)
	at org.testng.SuiteRunner$DefaultTestRunnerFactory.newTestRunner(SuiteRunner.java:522)
	at org.testng.SuiteRunner.init(SuiteRunner.java:157)
	at org.testng.SuiteRunner.<init>(SuiteRunner.java:111)
	at org.testng.TestNG.createSuiteRunner(TestNG.java:1299)
	at org.testng.TestNG.createSuiteRunners(TestNG.java:1286)
	at org.testng.TestNG.runSuitesLocally(TestNG.java:1140)
	at org.testng.TestNG.run(TestNG.java:1057)
	at org.apache.maven.surefire.testng.TestNGExecutor.run(TestNGExecutor.java:217)
	at org.apache.maven.surefire.testng.TestNGXmlTestSuite.execute(TestNGXmlTestSuite.java:84)
	at org.apache.maven.surefire.testng.TestNGProvider.invoke(TestNGProvider.java:92)
	at org.apache.maven.surefire.booter.ForkedBooter.invokeProviderInSameClassLoader(ForkedBooter.java:200)
	at org.apache.maven.surefire.booter.ForkedBooter.runSuitesInProcess(ForkedBooter.java:153)
	at org.apache.maven.surefire.booter.ForkedBooter.main(ForkedBooter.java:103)
log4j:ERROR Ignoring configuration file [test-config/log4j.properties].
log4j:WARN No appenders could be found for logger (org.apache.http.client.protocol.RequestAddCookies).
log4j:WARN Please initialize the log4j system properly.
log4j:WARN See http://logging.apache.org/log4j/1.2/faq.html#noconfig for more info.
]]></system-err>
  </testcase>
  <testcase name="accreditationTest" classname="AccreditationTest" time="60.515">
    <failure message="Applicant passport issued by value doesn&apos;t match to application one expected [true] but found [false]" type="java.lang.AssertionError">java.lang.AssertionError: Applicant passport issued by value doesn't match to application one expected [true] but found [false]
	at org.testng.Assert.fail(Assert.java:94)
	at org.testng.Assert.failNotEquals(Assert.java:494)
	at org.testng.Assert.assertTrue(Assert.java:42)
	at pageobjects.AccreditationAcceptPage.checkApplicantPassportIssuedByValue(AccreditationAcceptPage.java:216)
	at commonactions.AccreditationAcceptCommonActions.checkApplicantInfoTabInfo(AccreditationAcceptCommonActions.java:53)
	at AccreditationTest.accreditationTest(AccreditationTest.java:63)
</failure>
    <system-out><![CDATA[Test Method resides in AccreditationTest
Test Method had the following parameters : TC_13, поставщик, Физическое лицо, 7, 978, 1111111, 111, qwe123!@#, test, Тест Тест, Тест Тест, 1111, 111111, 900000, 01.01.2001, Федеральной миграционной службой, Мурманская обл., -, г. Мурманск, -, пр-кт. Ленина, 183000, 1, 47401000000, 111111111, 11111111111111111111, Тестовый банк, Адрес Тестового банка, 
Test Status: Failed
]]></system-out>
    <system-err><![CDATA[окт 15, 2015 3:45:18 PM org.openqa.selenium.os.UnixProcess$SeleniumWatchDog destroyHarder
INFO: Command failed to close cleanly. Destroying forcefully (v2). org.openqa.selenium.os.UnixProcess$SeleniumWatchDog@2e71de6e
]]></system-err>
  </testcase>
  <testcase name="accreditationTest" classname="AccreditationTest" time="70.245"/>
</testsuite>